This is pdfTeX, Version 3.14159265-2.6-1.40.19 (TeX Live 2018) (preloaded format=pdflatex 2018.4.16)  4 APR 2019 17:59
entering extended mode
 restricted \write18 enabled.
 %&-line parsing enabled.
**section4.3.R
(./section4.3.R
LaTeX2e <2018-04-01> patch level 2
Babel <3.18> and hyphenation patterns for 84 language(s) loaded.

! LaTeX Error: Missing \begin{document}.

See the LaTeX manual or LaTeX Companion for explanation.
Type  H <return>  for immediate help.
 ...                                              
                                                  
l.1 7
      + 12
You're in trouble here.  Try typing  <return>  to proceed.
If that doesn't work, type  X <return>  to quit.

Missing character: There is no 7 in font nullfont!
Missing character: There is no + in font nullfont!
Missing character: There is no 1 in font nullfont!
Missing character: There is no 2 in font nullfont!
Missing character: There is no s in font nullfont!
Missing character: There is no q in font nullfont!
Missing character: There is no r in font nullfont!
Missing character: There is no t in font nullfont!
Missing character: There is no ( in font nullfont!
Missing character: There is no 6 in font nullfont!
Missing character: There is no 4 in font nullfont!
Missing character: There is no ) in font nullfont!
Missing character: There is no 1 in font nullfont!
Missing character: There is no 2 in font nullfont!
Missing character: There is no / in font nullfont!
Missing character: There is no 3 in font nullfont!
Missing character: There is no 3 in font nullfont!
! Missing $ inserted.
<inserted text> 
                $
l.4 3^
      2
I've inserted a begin-math/end-math symbol since I think
you left one out. Proceed, with fingers crossed.

LaTeX Font Info:    External font `cmex10' loaded for size
(Font)              <7> on input line 4.
LaTeX Font Info:    External font `cmex10' loaded for size
(Font)              <5> on input line 4.
! Missing $ inserted.
<inserted text> 
                $
l.11 
     
I've inserted a begin-math/end-math symbol since I think
you left one out. Proceed, with fingers crossed.


Overfull \hbox (20.0pt too wide) in paragraph at lines 1--11
[]
 []


Overfull \hbox (20.75691pt too wide) in paragraph at lines 1--11
[]\OML/cmm/m/it/10 x <
 []


Overfull \hbox (76.70956pt too wide) in paragraph at lines 1--11
\OMS/cmsy/m/n/10 ^^@\OML/cmm/m/it/10 c\OT1/cmr/m/n/10 (2\OML/cmm/m/it/10 ; \OT1
/cmr/m/n/10 7\OML/cmm/m/it/10 ; \OT1/cmr/m/n/10 14\OML/cmm/m/it/10 ; \OT1/cmr/m
/n/10 25)\OML/cmm/m/it/10 x \OT1/cmr/m/n/10 +
 []


Overfull \hbox (137.94649pt too wide) in paragraph at lines 1--11
\OT1/cmr/m/n/10 10\OML/cmm/m/it/10 print\OT1/cmr/m/n/10 ("\OML/cmm/m/it/10 Hell
oPSTAT\OT1/cmr/m/n/10 10")\OML/cmm/m/it/10 y <
 []


Overfull \hbox (40.55568pt too wide) in paragraph at lines 1--11
\OMS/cmsy/m/n/10 ^^@\OT1/cmr/m/n/10 20182 +
 []


Overfull \hbox (10.00003pt too wide) in paragraph at lines 1--11
\OT1/cmr/m/n/10 5 \OMS/cmsy/m/n/10 ^^C
 []


Overfull \hbox (15.00005pt too wide) in paragraph at lines 1--11
\OT1/cmr/m/n/10 36 \OMS/cmsy/m/n/10 ^^C
 []


Overfull \hbox (16.66672pt too wide) in paragraph at lines 1--11
\OT1/cmr/m/n/10 (5 +
 []


Overfull \hbox (8.88892pt too wide) in paragraph at lines 1--11
\OT1/cmr/m/n/10 3)$ 
 []


! LaTeX Error: Missing \begin{document}.

See the LaTeX manual or LaTeX Companion for explanation.
Type  H <return>  for immediate help.
 ...                                              
                                                  
l.12 p
      rint("test")
You're in trouble here.  Try typing  <return>  to proceed.
If that doesn't work, type  X <return>  to quit.

Missing character: There is no p in font nullfont!
Missing character: There is no r in font nullfont!
Missing character: There is no i in font nullfont!
Missing character: There is no n in font nullfont!
Missing character: There is no t in font nullfont!
Missing character: There is no ( in font nullfont!
Missing character: There is no " in font nullfont!
Missing character: There is no t in font nullfont!
Missing character: There is no e in font nullfont!
Missing character: There is no s in font nullfont!
Missing character: There is no t in font nullfont!
Missing character: There is no " in font nullfont!
Missing character: There is no ) in font nullfont!
Missing character: There is no ; in font nullfont!
Missing character: There is no l in font nullfont!
Missing character: There is no k in font nullfont!
Missing character: There is no a in font nullfont!
Missing character: There is no j in font nullfont!
Missing character: There is no s in font nullfont!
Missing character: There is no l in font nullfont!
Missing character: There is no ; in font nullfont!
Missing character: There is no d in font nullfont!
Missing character: There is no k in font nullfont!
Missing character: There is no f in font nullfont!
Missing character: There is no j in font nullfont!
)
! Emergency stop.
<*> section4.3.R
                
*** (job aborted, no legal \end found)

 
Here is how much of TeX's memory you used:
 8 strings out of 492649
 165 string characters out of 6129622
 56725 words of memory out of 5000000
 3990 multiletter control sequences out of 15000+600000
 3640 words of font info for 14 fonts, out of 8000000 for 9000
 1141 hyphenation exceptions out of 8191
 18i,1n,12p,47b,56s stack positions out of 5000i,500n,10000p,200000b,80000s
!  ==> Fatal error occurred, no output PDF file produced!
